160418 00:03:48 mysqld_safe mysqld from pid file /var/db/mysql/host.home.pid ended
160418 00:04:24 mysqld_safe Starting mysqld daemon with databases from /var/db/mysql
160418  0:04:24 InnoDB: The InnoDB memory heap is disabled
160418  0:04:24 InnoDB: Mutexes and rw_locks use GCC atomic builtins
160418  0:04:24 InnoDB: Compressed tables use zlib 1.2.7
160418  0:04:24 InnoDB: Initializing buffer pool, size = 128.0M
160418  0:04:24 InnoDB: Completed initialization of buffer pool
InnoDB: The first specified data file ./ibdata1 did not exist:
InnoDB: a new database to be created!
160418  0:04:24  InnoDB: Setting file ./ibdata1 size to 10 MB
InnoDB: Database physically writes the file full: wait...
160418  0:04:24  InnoDB: Log file ./ib_logfile0 did not exist: new to be created
InnoDB: Setting log file ./ib_logfile0 size to 5 MB
InnoDB: Database physically writes the file full: wait...
160418  0:04:24  InnoDB: Log file ./ib_logfile1 did not exist: new to be created
InnoDB: Setting log file ./ib_logfile1 size to 5 MB
InnoDB: Database physically writes the file full: wait...
InnoDB: Doublewrite buffer not found: creating new
InnoDB: Doublewrite buffer created
InnoDB: 127 rollback segment(s) active.
InnoDB: Creating foreign key constraint system tables
InnoDB: Foreign key constraint system tables created
160418  0:04:24  InnoDB: Waiting for the background threads to start
160418  0:04:25 InnoDB: 5.5.33 started; log sequence number 0
160418  0:04:25 [Note] Server hostname (bind-address): '0.0.0.0'; port: 3306
160418  0:04:25 [Note]   - '0.0.0.0' resolves to '0.0.0.0';
160418  0:04:25 [Note] Server socket created on IP: '0.0.0.0'.
160418  0:04:26 [Note] Event Scheduler: Loaded 0 events
160418  0:04:26 [Note] /usr/local/libexec/mysqld: ready for connections.
Version: '5.5.33'  socket: '/tmp/mysql.sock'  port: 3306  Source distribution
